<?xml version="1.0" encoding="UTF-8"?>
<!-- Generated by org.testng.reporters.JUnitXMLReporter -->
<testsuite ignored="0" hostname="DESKTOP-6TCTHJ3" failures="0" tests="3" name="Default test" time="0.038" errors="0" timestamp="2024-05-13T20:58:31 EEST">
  <testcase classname="curs16.BeforeAfterAnnotations" name="test1" time="0.006"/>
  <testcase classname="curs16.BeforeAfterAnnotations" name="test2" time="0.001"/>
  <testcase classname="curs16.BeforeAfterAnnotations" name="test3" time="0.001"/>
</testsuite> <!-- Default test -->
